  KeyBroadHook.cpp
D:\Windows Kits\10\Include\10.0.19041.0\um\winuser.h(678,28): warning C4067: 预处理器指令后有意外标记 - 应输入换行符
C:\Users\zunmx\source\repos\KeyBroadHook\KeyBroadHook\KeyBroadHook.cpp(37,5): warning C4267: “=”: 从“size_t”转换到“int”，可能丢失数据
C:\Users\zunmx\source\repos\KeyBroadHook\KeyBroadHook\KeyBroadHook.cpp(41,29): warning C4244: “+=”: 从“__int64”转换到“int”，可能丢失数据
C:\Users\zunmx\source\repos\KeyBroadHook\KeyBroadHook\KeyBroadHook.cpp(44,29): warning C4244: “+=”: 从“__int64”转换到“int”，可能丢失数据
C:\Users\zunmx\source\repos\KeyBroadHook\KeyBroadHook\KeyBroadHook.cpp(49,28): warning C4244: “=”: 从“__int64”转换到“int”，可能丢失数据
C:\Users\zunmx\source\repos\KeyBroadHook\KeyBroadHook\KeyBroadHook.cpp(60,115): warning C4244: “参数”: 从“double”转换到“int”，可能丢失数据
C:\Users\zunmx\source\repos\KeyBroadHook\KeyBroadHook\KeyBroadHook.cpp(60,92): warning C4244: “参数”: 从“double”转换到“int”，可能丢失数据
C:\Users\zunmx\source\repos\KeyBroadHook\KeyBroadHook\KeyBroadHook.cpp(60,51): warning C4244: “参数”: 从“double”转换到“int”，可能丢失数据
C:\Users\zunmx\source\repos\KeyBroadHook\KeyBroadHook\KeyBroadHook.cpp(60,20): warning C4244: “参数”: 从“double”转换到“int”，可能丢失数据
C:\Users\zunmx\source\repos\KeyBroadHook\KeyBroadHook\KeyBroadHook.cpp(64,45): warning C4244: “=”: 从“double”转换到“int”，可能丢失数据
C:\Users\zunmx\source\repos\KeyBroadHook\KeyBroadHook\KeyBroadHook.cpp(65,45): warning C4244: “=”: 从“double”转换到“int”，可能丢失数据
C:\Users\zunmx\source\repos\KeyBroadHook\KeyBroadHook\KeyBroadHook.cpp(66,45): warning C4244: “=”: 从“double”转换到“int”，可能丢失数据
C:\Users\zunmx\source\repos\KeyBroadHook\KeyBroadHook\KeyBroadHook.cpp(69,44): warning C4244: “=”: 从“double”转换到“LONG”，可能丢失数据
C:\Users\zunmx\source\repos\KeyBroadHook\KeyBroadHook\KeyBroadHook.cpp(70,43): warning C4244: “=”: 从“double”转换到“LONG”，可能丢失数据
C:\Users\zunmx\source\repos\KeyBroadHook\KeyBroadHook\KeyBroadHook.cpp(71,36): warning C4244: “=”: 从“double”转换到“LONG”，可能丢失数据
C:\Users\zunmx\source\repos\KeyBroadHook\KeyBroadHook\KeyBroadHook.cpp(72,39): warning C4244: “=”: 从“double”转换到“LONG”，可能丢失数据
C:\Users\zunmx\source\repos\KeyBroadHook\KeyBroadHook\KeyBroadHook.cpp(87,74): warning C4267: “参数”: 从“size_t”转换到“int”，可能丢失数据
C:\Users\zunmx\source\repos\KeyBroadHook\KeyBroadHook\KeyBroadHook.cpp(87,47): warning C4244: “参数”: 从“double”转换到“int”，可能丢失数据
C:\Users\zunmx\source\repos\KeyBroadHook\KeyBroadHook\KeyBroadHook.cpp(90,37): warning C4267: “参数”: 从“size_t”转换到“int”，可能丢失数据
C:\Users\zunmx\source\repos\KeyBroadHook\KeyBroadHook\KeyBroadHook.cpp(94,114): warning C4267: “参数”: 从“size_t”转换到“int”，可能丢失数据
C:\Users\zunmx\source\repos\KeyBroadHook\KeyBroadHook\KeyBroadHook.cpp(94,70): warning C4244: “参数”: 从“double”转换到“int”，可能丢失数据
C:\Users\zunmx\source\repos\KeyBroadHook\KeyBroadHook\KeyBroadHook.cpp(94,47): warning C4244: “参数”: 从“double”转换到“int”，可能丢失数据
C:\Users\zunmx\source\repos\KeyBroadHook\KeyBroadHook\KeyBroadHook.cpp(100,52): warning C4244: “参数”: 从“double”转换到“int”，可能丢失数据
C:\Users\zunmx\source\repos\KeyBroadHook\KeyBroadHook\KeyBroadHook.cpp(100,37): warning C4244: “参数”: 从“double”转换到“int”，可能丢失数据
C:\Users\zunmx\source\repos\KeyBroadHook\KeyBroadHook\KeyBroadHook.cpp(101,83): warning C4244: “参数”: 从“double”转换到“int”，可能丢失数据
C:\Users\zunmx\source\repos\KeyBroadHook\KeyBroadHook\KeyBroadHook.cpp(101,40): warning C4244: “参数”: 从“double”转换到“int”，可能丢失数据
C:\Users\zunmx\source\repos\KeyBroadHook\KeyBroadHook\KeyBroadHook.cpp(102,83): warning C4244: “参数”: 从“double”转换到“int”，可能丢失数据
C:\Users\zunmx\source\repos\KeyBroadHook\KeyBroadHook\KeyBroadHook.cpp(102,40): warning C4244: “参数”: 从“double”转换到“int”，可能丢失数据
C:\Users\zunmx\source\repos\KeyBroadHook\KeyBroadHook\KeyBroadHook.cpp(103,83): warning C4244: “参数”: 从“double”转换到“int”，可能丢失数据
C:\Users\zunmx\source\repos\KeyBroadHook\KeyBroadHook\KeyBroadHook.cpp(103,40): warning C4244: “参数”: 从“double”转换到“int”，可能丢失数据
C:\Users\zunmx\source\repos\KeyBroadHook\KeyBroadHook\KeyBroadHook.cpp(104,83): warning C4244: “参数”: 从“double”转换到“int”，可能丢失数据
C:\Users\zunmx\source\repos\KeyBroadHook\KeyBroadHook\KeyBroadHook.cpp(104,40): warning C4244: “参数”: 从“double”转换到“int”，可能丢失数据
C:\Users\zunmx\source\repos\KeyBroadHook\KeyBroadHook\KeyBroadHook.cpp(105,83): warning C4244: “参数”: 从“double”转换到“int”，可能丢失数据
C:\Users\zunmx\source\repos\KeyBroadHook\KeyBroadHook\KeyBroadHook.cpp(105,40): warning C4244: “参数”: 从“double”转换到“int”，可能丢失数据
C:\Users\zunmx\source\repos\KeyBroadHook\KeyBroadHook\KeyBroadHook.cpp(106,83): warning C4244: “参数”: 从“double”转换到“int”，可能丢失数据
C:\Users\zunmx\source\repos\KeyBroadHook\KeyBroadHook\KeyBroadHook.cpp(106,40): warning C4244: “参数”: 从“double”转换到“int”，可能丢失数据
C:\Users\zunmx\source\repos\KeyBroadHook\KeyBroadHook\KeyBroadHook.cpp(107,83): warning C4244: “参数”: 从“double”转换到“int”，可能丢失数据
C:\Users\zunmx\source\repos\KeyBroadHook\KeyBroadHook\KeyBroadHook.cpp(107,40): warning C4244: “参数”: 从“double”转换到“int”，可能丢失数据
C:\Users\zunmx\source\repos\KeyBroadHook\KeyBroadHook\KeyBroadHook.cpp(108,83): warning C4244: “参数”: 从“double”转换到“int”，可能丢失数据
C:\Users\zunmx\source\repos\KeyBroadHook\KeyBroadHook\KeyBroadHook.cpp(108,40): warning C4244: “参数”: 从“double”转换到“int”，可能丢失数据
C:\Users\zunmx\source\repos\KeyBroadHook\KeyBroadHook\KeyBroadHook.cpp(109,83): warning C4244: “参数”: 从“double”转换到“int”，可能丢失数据
C:\Users\zunmx\source\repos\KeyBroadHook\KeyBroadHook\KeyBroadHook.cpp(109,40): warning C4244: “参数”: 从“double”转换到“int”，可能丢失数据
C:\Users\zunmx\source\repos\KeyBroadHook\KeyBroadHook\KeyBroadHook.cpp(110,85): warning C4244: “参数”: 从“double”转换到“int”，可能丢失数据
C:\Users\zunmx\source\repos\KeyBroadHook\KeyBroadHook\KeyBroadHook.cpp(110,42): warning C4244: “参数”: 从“double”转换到“int”，可能丢失数据
C:\Users\zunmx\source\repos\KeyBroadHook\KeyBroadHook\KeyBroadHook.cpp(111,85): warning C4244: “参数”: 从“double”转换到“int”，可能丢失数据
C:\Users\zunmx\source\repos\KeyBroadHook\KeyBroadHook\KeyBroadHook.cpp(111,42): warning C4244: “参数”: 从“double”转换到“int”，可能丢失数据
C:\Users\zunmx\source\repos\KeyBroadHook\KeyBroadHook\KeyBroadHook.cpp(112,85): warning C4244: “参数”: 从“double”转换到“int”，可能丢失数据
C:\Users\zunmx\source\repos\KeyBroadHook\KeyBroadHook\KeyBroadHook.cpp(112,42): warning C4244: “参数”: 从“double”转换到“int”，可能丢失数据
C:\Users\zunmx\source\repos\KeyBroadHook\KeyBroadHook\KeyBroadHook.cpp(114,54): warning C4244: “参数”: 从“double”转换到“int”，可能丢失数据
C:\Users\zunmx\source\repos\KeyBroadHook\KeyBroadHook\KeyBroadHook.cpp(114,35): warning C4244: “参数”: 从“double”转换到“int”，可能丢失数据
C:\Users\zunmx\source\repos\KeyBroadHook\KeyBroadHook\KeyBroadHook.cpp(115,54): warning C4244: “参数”: 从“double”转换到“int”，可能丢失数据
C:\Users\zunmx\source\repos\KeyBroadHook\KeyBroadHook\KeyBroadHook.cpp(115,35): warning C4244: “参数”: 从“double”转换到“int”，可能丢失数据
C:\Users\zunmx\source\repos\KeyBroadHook\KeyBroadHook\KeyBroadHook.cpp(116,54): warning C4244: “参数”: 从“double”转换到“int”，可能丢失数据
C:\Users\zunmx\source\repos\KeyBroadHook\KeyBroadHook\KeyBroadHook.cpp(116,35): warning C4244: “参数”: 从“double”转换到“int”，可能丢失数据
C:\Users\zunmx\source\repos\KeyBroadHook\KeyBroadHook\KeyBroadHook.cpp(117,54): warning C4244: “参数”: 从“double”转换到“int”，可能丢失数据
C:\Users\zunmx\source\repos\KeyBroadHook\KeyBroadHook\KeyBroadHook.cpp(117,35): warning C4244: “参数”: 从“double”转换到“int”，可能丢失数据
C:\Users\zunmx\source\repos\KeyBroadHook\KeyBroadHook\KeyBroadHook.cpp(118,54): warning C4244: “参数”: 从“double”转换到“int”，可能丢失数据
C:\Users\zunmx\source\repos\KeyBroadHook\KeyBroadHook\KeyBroadHook.cpp(118,35): warning C4244: “参数”: 从“double”转换到“int”，可能丢失数据
C:\Users\zunmx\source\repos\KeyBroadHook\KeyBroadHook\KeyBroadHook.cpp(119,54): warning C4244: “参数”: 从“double”转换到“int”，可能丢失数据
C:\Users\zunmx\source\repos\KeyBroadHook\KeyBroadHook\KeyBroadHook.cpp(119,35): warning C4244: “参数”: 从“double”转换到“int”，可能丢失数据
C:\Users\zunmx\source\repos\KeyBroadHook\KeyBroadHook\KeyBroadHook.cpp(120,54): warning C4244: “参数”: 从“double”转换到“int”，可能丢失数据
C:\Users\zunmx\source\repos\KeyBroadHook\KeyBroadHook\KeyBroadHook.cpp(120,35): warning C4244: “参数”: 从“double”转换到“int”，可能丢失数据
C:\Users\zunmx\source\repos\KeyBroadHook\KeyBroadHook\KeyBroadHook.cpp(121,54): warning C4244: “参数”: 从“double”转换到“int”，可能丢失数据
C:\Users\zunmx\source\repos\KeyBroadHook\KeyBroadHook\KeyBroadHook.cpp(121,35): warning C4244: “参数”: 从“double”转换到“int”，可能丢失数据
C:\Users\zunmx\source\repos\KeyBroadHook\KeyBroadHook\KeyBroadHook.cpp(122,54): warning C4244: “参数”: 从“double”转换到“int”，可能丢失数据
C:\Users\zunmx\source\repos\KeyBroadHook\KeyBroadHook\KeyBroadHook.cpp(122,35): warning C4244: “参数”: 从“double”转换到“int”，可能丢失数据
C:\Users\zunmx\source\repos\KeyBroadHook\KeyBroadHook\KeyBroadHook.cpp(123,54): warning C4244: “参数”: 从“double”转换到“int”，可能丢失数据
C:\Users\zunmx\source\repos\KeyBroadHook\KeyBroadHook\KeyBroadHook.cpp(123,35): warning C4244: “参数”: 从“double”转换到“int”，可能丢失数据
C:\Users\zunmx\source\repos\KeyBroadHook\KeyBroadHook\KeyBroadHook.cpp(124,55): warning C4244: “参数”: 从“double”转换到“int”，可能丢失数据
C:\Users\zunmx\source\repos\KeyBroadHook\KeyBroadHook\KeyBroadHook.cpp(124,35): warning C4244: “参数”: 从“double”转换到“int”，可能丢失数据
C:\Users\zunmx\source\repos\KeyBroadHook\KeyBroadHook\KeyBroadHook.cpp(125,55): warning C4244: “参数”: 从“double”转换到“int”，可能丢失数据
C:\Users\zunmx\source\repos\KeyBroadHook\KeyBroadHook\KeyBroadHook.cpp(125,35): warning C4244: “参数”: 从“double”转换到“int”，可能丢失数据
C:\Users\zunmx\source\repos\KeyBroadHook\KeyBroadHook\KeyBroadHook.cpp(126,55): warning C4244: “参数”: 从“double”转换到“int”，可能丢失数据
C:\Users\zunmx\source\repos\KeyBroadHook\KeyBroadHook\KeyBroadHook.cpp(126,35): warning C4244: “参数”: 从“double”转换到“int”，可能丢失数据
C:\Users\zunmx\source\repos\KeyBroadHook\KeyBroadHook\KeyBroadHook.cpp(127,90): warning C4244: “参数”: 从“double”转换到“int”，可能丢失数据
C:\Users\zunmx\source\repos\KeyBroadHook\KeyBroadHook\KeyBroadHook.cpp(127,63): warning C4244: “参数”: 从“double”转换到“int”，可能丢失数据
C:\Users\zunmx\source\repos\KeyBroadHook\KeyBroadHook\KeyBroadHook.cpp(127,43): warning C4244: “参数”: 从“double”转换到“int”，可能丢失数据
C:\Users\zunmx\source\repos\KeyBroadHook\KeyBroadHook\KeyBroadHook.cpp(129,82): warning C4244: “参数”: 从“double”转换到“int”，可能丢失数据
C:\Users\zunmx\source\repos\KeyBroadHook\KeyBroadHook\KeyBroadHook.cpp(129,56): warning C4244: “参数”: 从“double”转换到“int”，可能丢失数据
C:\Users\zunmx\source\repos\KeyBroadHook\KeyBroadHook\KeyBroadHook.cpp(129,37): warning C4244: “参数”: 从“double”转换到“int”，可能丢失数据
C:\Users\zunmx\source\repos\KeyBroadHook\KeyBroadHook\KeyBroadHook.cpp(130,72): warning C4244: “参数”: 从“double”转换到“int”，可能丢失数据
C:\Users\zunmx\source\repos\KeyBroadHook\KeyBroadHook\KeyBroadHook.cpp(130,39): warning C4244: “参数”: 从“double”转换到“int”，可能丢失数据
C:\Users\zunmx\source\repos\KeyBroadHook\KeyBroadHook\KeyBroadHook.cpp(131,72): warning C4244: “参数”: 从“double”转换到“int”，可能丢失数据
C:\Users\zunmx\source\repos\KeyBroadHook\KeyBroadHook\KeyBroadHook.cpp(131,39): warning C4244: “参数”: 从“double”转换到“int”，可能丢失数据
C:\Users\zunmx\source\repos\KeyBroadHook\KeyBroadHook\KeyBroadHook.cpp(132,72): warning C4244: “参数”: 从“double”转换到“int”，可能丢失数据
C:\Users\zunmx\source\repos\KeyBroadHook\KeyBroadHook\KeyBroadHook.cpp(132,39): warning C4244: “参数”: 从“double”转换到“int”，可能丢失数据
C:\Users\zunmx\source\repos\KeyBroadHook\KeyBroadHook\KeyBroadHook.cpp(133,72): warning C4244: “参数”: 从“double”转换到“int”，可能丢失数据
C:\Users\zunmx\source\repos\KeyBroadHook\KeyBroadHook\KeyBroadHook.cpp(133,39): warning C4244: “参数”: 从“double”转换到“int”，可能丢失数据
C:\Users\zunmx\source\repos\KeyBroadHook\KeyBroadHook\KeyBroadHook.cpp(134,72): warning C4244: “参数”: 从“double”转换到“int”，可能丢失数据
C:\Users\zunmx\source\repos\KeyBroadHook\KeyBroadHook\KeyBroadHook.cpp(134,39): warning C4244: “参数”: 从“double”转换到“int”，可能丢失数据
C:\Users\zunmx\source\repos\KeyBroadHook\KeyBroadHook\KeyBroadHook.cpp(135,72): warning C4244: “参数”: 从“double”转换到“int”，可能丢失数据
C:\Users\zunmx\source\repos\KeyBroadHook\KeyBroadHook\KeyBroadHook.cpp(135,39): warning C4244: “参数”: 从“double”转换到“int”，可能丢失数据
C:\Users\zunmx\source\repos\KeyBroadHook\KeyBroadHook\KeyBroadHook.cpp(136,72): warning C4244: “参数”: 从“double”转换到“int”，可能丢失数据
C:\Users\zunmx\source\repos\KeyBroadHook\KeyBroadHook\KeyBroadHook.cpp(136,39): warning C4244: “参数”: 从“double”转换到“int”，可能丢失数据
C:\Users\zunmx\source\repos\KeyBroadHook\KeyBroadHook\KeyBroadHook.cpp(137,72): warning C4244: “参数”: 从“double”转换到“int”，可能丢失数据
C:\Users\zunmx\source\repos\KeyBroadHook\KeyBroadHook\KeyBroadHook.cpp(137,39): warning C4244: “参数”: 从“double”转换到“int”，可能丢失数据
C:\Users\zunmx\source\repos\KeyBroadHook\KeyBroadHook\KeyBroadHook.cpp(138,72): warning C4244: “参数”: 从“double”转换到“int”，可能丢失数据
C:\Users\zunmx\source\repos\KeyBroadHook\KeyBroadHook\KeyBroadHook.cpp(138,39): warning C4244: “参数”: 从“double”转换到“int”，可能丢失数据
C:\Users\zunmx\source\repos\KeyBroadHook\KeyBroadHook\KeyBroadHook.cpp(139,73): warning C4244: “参数”: 从“double”转换到“int”，可能丢失数据
C:\Users\zunmx\source\repos\KeyBroadHook\KeyBroadHook\KeyBroadHook.cpp(139,40): warning C4244: “参数”: 从“double”转换到“int”，可能丢失数据
C:\Users\zunmx\source\repos\KeyBroadHook\KeyBroadHook\KeyBroadHook.cpp(140,73): warning C4244: “参数”: 从“double”转换到“int”，可能丢失数据
C:\Users\zunmx\source\repos\KeyBroadHook\KeyBroadHook\KeyBroadHook.cpp(140,40): warning C4244: “参数”: 从“double”转换到“int”，可能丢失数据
C:\Users\zunmx\source\repos\KeyBroadHook\KeyBroadHook\KeyBroadHook.cpp(141,73): warning C4244: “参数”: 从“double”转换到“int”，可能丢失数据
C:\Users\zunmx\source\repos\KeyBroadHook\KeyBroadHook\KeyBroadHook.cpp(141,40): warning C4244: “参数”: 从“double”转换到“int”，可能丢失数据
C:\Users\zunmx\source\repos\KeyBroadHook\KeyBroadHook\KeyBroadHook.cpp(142,99): warning C4244: “参数”: 从“double”转换到“int”，可能丢失数据
C:\Users\zunmx\source\repos\KeyBroadHook\KeyBroadHook\KeyBroadHook.cpp(142,74): warning C4244: “参数”: 从“double”转换到“int”，可能丢失数据
C:\Users\zunmx\source\repos\KeyBroadHook\KeyBroadHook\KeyBroadHook.cpp(142,41): warning C4244: “参数”: 从“double”转换到“int”，可能丢失数据
C:\Users\zunmx\source\repos\KeyBroadHook\KeyBroadHook\KeyBroadHook.cpp(144,87): warning C4244: “参数”: 从“double”转换到“int”，可能丢失数据
C:\Users\zunmx\source\repos\KeyBroadHook\KeyBroadHook\KeyBroadHook.cpp(144,60): warning C4244: “参数”: 从“double”转换到“int”，可能丢失数据
C:\Users\zunmx\source\repos\KeyBroadHook\KeyBroadHook\KeyBroadHook.cpp(144,41): warning C4244: “参数”: 从“double”转换到“int”，可能丢失数据
C:\Users\zunmx\source\repos\KeyBroadHook\KeyBroadHook\KeyBroadHook.cpp(145,72): warning C4244: “参数”: 从“double”转换到“int”，可能丢失数据
C:\Users\zunmx\source\repos\KeyBroadHook\KeyBroadHook\KeyBroadHook.cpp(145,39): warning C4244: “参数”: 从“double”转换到“int”，可能丢失数据
C:\Users\zunmx\source\repos\KeyBroadHook\KeyBroadHook\KeyBroadHook.cpp(146,72): warning C4244: “参数”: 从“double”转换到“int”，可能丢失数据
C:\Users\zunmx\source\repos\KeyBroadHook\KeyBroadHook\KeyBroadHook.cpp(146,39): warning C4244: “参数”: 从“double”转换到“int”，可能丢失数据
C:\Users\zunmx\source\repos\KeyBroadHook\KeyBroadHook\KeyBroadHook.cpp(147,72): warning C4244: “参数”: 从“double”转换到“int”，可能丢失数据
C:\Users\zunmx\source\repos\KeyBroadHook\KeyBroadHook\KeyBroadHook.cpp(147,39): warning C4244: “参数”: 从“double”转换到“int”，可能丢失数据
C:\Users\zunmx\source\repos\KeyBroadHook\KeyBroadHook\KeyBroadHook.cpp(148,72): warning C4244: “参数”: 从“double”转换到“int”，可能丢失数据
C:\Users\zunmx\source\repos\KeyBroadHook\KeyBroadHook\KeyBroadHook.cpp(148,39): warning C4244: “参数”: 从“double”转换到“int”，可能丢失数据
C:\Users\zunmx\source\repos\KeyBroadHook\KeyBroadHook\KeyBroadHook.cpp(149,72): warning C4244: “参数”: 从“double”转换到“int”，可能丢失数据
C:\Users\zunmx\source\repos\KeyBroadHook\KeyBroadHook\KeyBroadHook.cpp(149,39): warning C4244: “参数”: 从“double”转换到“int”，可能丢失数据
C:\Users\zunmx\source\repos\KeyBroadHook\KeyBroadHook\KeyBroadHook.cpp(150,72): warning C4244: “参数”: 从“double”转换到“int”，可能丢失数据
C:\Users\zunmx\source\repos\KeyBroadHook\KeyBroadHook\KeyBroadHook.cpp(150,39): warning C4244: “参数”: 从“double”转换到“int”，可能丢失数据
C:\Users\zunmx\source\repos\KeyBroadHook\KeyBroadHook\KeyBroadHook.cpp(151,72): warning C4244: “参数”: 从“double”转换到“int”，可能丢失数据
C:\Users\zunmx\source\repos\KeyBroadHook\KeyBroadHook\KeyBroadHook.cpp(151,39): warning C4244: “参数”: 从“double”转换到“int”，可能丢失数据
C:\Users\zunmx\source\repos\KeyBroadHook\KeyBroadHook\KeyBroadHook.cpp(152,72): warning C4244: “参数”: 从“double”转换到“int”，可能丢失数据
C:\Users\zunmx\source\repos\KeyBroadHook\KeyBroadHook\KeyBroadHook.cpp(152,39): warning C4244: “参数”: 从“double”转换到“int”，可能丢失数据
C:\Users\zunmx\source\repos\KeyBroadHook\KeyBroadHook\KeyBroadHook.cpp(153,72): warning C4244: “参数”: 从“double”转换到“int”，可能丢失数据
C:\Users\zunmx\source\repos\KeyBroadHook\KeyBroadHook\KeyBroadHook.cpp(153,39): warning C4244: “参数”: 从“double”转换到“int”，可能丢失数据
C:\Users\zunmx\source\repos\KeyBroadHook\KeyBroadHook\KeyBroadHook.cpp(154,73): warning C4244: “参数”: 从“double”转换到“int”，可能丢失数据
C:\Users\zunmx\source\repos\KeyBroadHook\KeyBroadHook\KeyBroadHook.cpp(154,40): warning C4244: “参数”: 从“double”转换到“int”，可能丢失数据
C:\Users\zunmx\source\repos\KeyBroadHook\KeyBroadHook\KeyBroadHook.cpp(155,74): warning C4244: “参数”: 从“double”转换到“int”，可能丢失数据
C:\Users\zunmx\source\repos\KeyBroadHook\KeyBroadHook\KeyBroadHook.cpp(155,41): warning C4244: “参数”: 从“double”转换到“int”，可能丢失数据
C:\Users\zunmx\source\repos\KeyBroadHook\KeyBroadHook\KeyBroadHook.cpp(156,114): warning C4244: “参数”: 从“double”转换到“int”，可能丢失数据
C:\Users\zunmx\source\repos\KeyBroadHook\KeyBroadHook\KeyBroadHook.cpp(156,86): warning C4244: “参数”: 从“double”转换到“int”，可能丢失数据
C:\Users\zunmx\source\repos\KeyBroadHook\KeyBroadHook\KeyBroadHook.cpp(156,53): warning C4244: “参数”: 从“double”转换到“int”，可能丢失数据
C:\Users\zunmx\source\repos\KeyBroadHook\KeyBroadHook\KeyBroadHook.cpp(158,92): warning C4244: “参数”: 从“double”转换到“int”，可能丢失数据
C:\Users\zunmx\source\repos\KeyBroadHook\KeyBroadHook\KeyBroadHook.cpp(158,63): warning C4244: “参数”: 从“double”转换到“int”，可能丢失数据
C:\Users\zunmx\source\repos\KeyBroadHook\KeyBroadHook\KeyBroadHook.cpp(158,44): warning C4244: “参数”: 从“double”转换到“int”，可能丢失数据
C:\Users\zunmx\source\repos\KeyBroadHook\KeyBroadHook\KeyBroadHook.cpp(159,72): warning C4244: “参数”: 从“double”转换到“int”，可能丢失数据
C:\Users\zunmx\source\repos\KeyBroadHook\KeyBroadHook\KeyBroadHook.cpp(159,39): warning C4244: “参数”: 从“double”转换到“int”，可能丢失数据
C:\Users\zunmx\source\repos\KeyBroadHook\KeyBroadHook\KeyBroadHook.cpp(160,72): warning C4244: “参数”: 从“double”转换到“int”，可能丢失数据
C:\Users\zunmx\source\repos\KeyBroadHook\KeyBroadHook\KeyBroadHook.cpp(160,39): warning C4244: “参数”: 从“double”转换到“int”，可能丢失数据
C:\Users\zunmx\source\repos\KeyBroadHook\KeyBroadHook\KeyBroadHook.cpp(161,72): warning C4244: “参数”: 从“double”转换到“int”，可能丢失数据
C:\Users\zunmx\source\repos\KeyBroadHook\KeyBroadHook\KeyBroadHook.cpp(161,39): warning C4244: “参数”: 从“double”转换到“int”，可能丢失数据
C:\Users\zunmx\source\repos\KeyBroadHook\KeyBroadHook\KeyBroadHook.cpp(162,72): warning C4244: “参数”: 从“double”转换到“int”，可能丢失数据
C:\Users\zunmx\source\repos\KeyBroadHook\KeyBroadHook\KeyBroadHook.cpp(162,39): warning C4244: “参数”: 从“double”转换到“int”，可能丢失数据
C:\Users\zunmx\source\repos\KeyBroadHook\KeyBroadHook\KeyBroadHook.cpp(163,72): warning C4244: “参数”: 从“double”转换到“int”，可能丢失数据
C:\Users\zunmx\source\repos\KeyBroadHook\KeyBroadHook\KeyBroadHook.cpp(163,39): warning C4244: “参数”: 从“double”转换到“int”，可能丢失数据
C:\Users\zunmx\source\repos\KeyBroadHook\KeyBroadHook\KeyBroadHook.cpp(164,72): warning C4244: “参数”: 从“double”转换到“int”，可能丢失数据
C:\Users\zunmx\source\repos\KeyBroadHook\KeyBroadHook\KeyBroadHook.cpp(164,39): warning C4244: “参数”: 从“double”转换到“int”，可能丢失数据
C:\Users\zunmx\source\repos\KeyBroadHook\KeyBroadHook\KeyBroadHook.cpp(165,72): warning C4244: “参数”: 从“double”转换到“int”，可能丢失数据
C:\Users\zunmx\source\repos\KeyBroadHook\KeyBroadHook\KeyBroadHook.cpp(165,39): warning C4244: “参数”: 从“double”转换到“int”，可能丢失数据
C:\Users\zunmx\source\repos\KeyBroadHook\KeyBroadHook\KeyBroadHook.cpp(166,72): warning C4244: “参数”: 从“double”转换到“int”，可能丢失数据
C:\Users\zunmx\source\repos\KeyBroadHook\KeyBroadHook\KeyBroadHook.cpp(166,39): warning C4244: “参数”: 从“double”转换到“int”，可能丢失数据
C:\Users\zunmx\source\repos\KeyBroadHook\KeyBroadHook\KeyBroadHook.cpp(167,72): warning C4244: “参数”: 从“double”转换到“int”，可能丢失数据
C:\Users\zunmx\source\repos\KeyBroadHook\KeyBroadHook\KeyBroadHook.cpp(167,39): warning C4244: “参数”: 从“double”转换到“int”，可能丢失数据
C:\Users\zunmx\source\repos\KeyBroadHook\KeyBroadHook\KeyBroadHook.cpp(168,73): warning C4244: “参数”: 从“double”转换到“int”，可能丢失数据
C:\Users\zunmx\source\repos\KeyBroadHook\KeyBroadHook\KeyBroadHook.cpp(168,40): warning C4244: “参数”: 从“double”转换到“int”，可能丢失数据
C:\Users\zunmx\source\repos\KeyBroadHook\KeyBroadHook\KeyBroadHook.cpp(169,107): warning C4244: “参数”: 从“double”转换到“int”，可能丢失数据
C:\Users\zunmx\source\repos\KeyBroadHook\KeyBroadHook\KeyBroadHook.cpp(169,78): warning C4244: “参数”: 从“double”转换到“int”，可能丢失数据
C:\Users\zunmx\source\repos\KeyBroadHook\KeyBroadHook\KeyBroadHook.cpp(169,45): warning C4244: “参数”: 从“double”转换到“int”，可能丢失数据
C:\Users\zunmx\source\repos\KeyBroadHook\KeyBroadHook\KeyBroadHook.cpp(171,90): warning C4244: “参数”: 从“double”转换到“int”，可能丢失数据
C:\Users\zunmx\source\repos\KeyBroadHook\KeyBroadHook\KeyBroadHook.cpp(171,62): warning C4244: “参数”: 从“double”转换到“int”，可能丢失数据
C:\Users\zunmx\source\repos\KeyBroadHook\KeyBroadHook\KeyBroadHook.cpp(171,43): warning C4244: “参数”: 从“double”转换到“int”，可能丢失数据
C:\Users\zunmx\source\repos\KeyBroadHook\KeyBroadHook\KeyBroadHook.cpp(172,102): warning C4244: “参数”: 从“double”转换到“int”，可能丢失数据
C:\Users\zunmx\source\repos\KeyBroadHook\KeyBroadHook\KeyBroadHook.cpp(172,75): warning C4244: “参数”: 从“double”转换到“int”，可能丢失数据
C:\Users\zunmx\source\repos\KeyBroadHook\KeyBroadHook\KeyBroadHook.cpp(172,42): warning C4244: “参数”: 从“double”转换到“int”，可能丢失数据
C:\Users\zunmx\source\repos\KeyBroadHook\KeyBroadHook\KeyBroadHook.cpp(173,102): warning C4244: “参数”: 从“double”转换到“int”，可能丢失数据
C:\Users\zunmx\source\repos\KeyBroadHook\KeyBroadHook\KeyBroadHook.cpp(173,75): warning C4244: “参数”: 从“double”转换到“int”，可能丢失数据
C:\Users\zunmx\source\repos\KeyBroadHook\KeyBroadHook\KeyBroadHook.cpp(173,42): warning C4244: “参数”: 从“double”转换到“int”，可能丢失数据
C:\Users\zunmx\source\repos\KeyBroadHook\KeyBroadHook\KeyBroadHook.cpp(174,104): warning C4244: “参数”: 从“double”转换到“int”，可能丢失数据
C:\Users\zunmx\source\repos\KeyBroadHook\KeyBroadHook\KeyBroadHook.cpp(174,76): warning C4244: “参数”: 从“double”转换到“int”，可能丢失数据
C:\Users\zunmx\source\repos\KeyBroadHook\KeyBroadHook\KeyBroadHook.cpp(174,43): warning C4244: “参数”: 从“double”转换到“int”，可能丢失数据
C:\Users\zunmx\source\repos\KeyBroadHook\KeyBroadHook\KeyBroadHook.cpp(175,102): warning C4244: “参数”: 从“double”转换到“int”，可能丢失数据
C:\Users\zunmx\source\repos\KeyBroadHook\KeyBroadHook\KeyBroadHook.cpp(175,75): warning C4244: “参数”: 从“double”转换到“int”，可能丢失数据
C:\Users\zunmx\source\repos\KeyBroadHook\KeyBroadHook\KeyBroadHook.cpp(175,42): warning C4244: “参数”: 从“double”转换到“int”，可能丢失数据
C:\Users\zunmx\source\repos\KeyBroadHook\KeyBroadHook\KeyBroadHook.cpp(176,102): warning C4244: “参数”: 从“double”转换到“int”，可能丢失数据
C:\Users\zunmx\source\repos\KeyBroadHook\KeyBroadHook\KeyBroadHook.cpp(176,75): warning C4244: “参数”: 从“double”转换到“int”，可能丢失数据
C:\Users\zunmx\source\repos\KeyBroadHook\KeyBroadHook\KeyBroadHook.cpp(176,42): warning C4244: “参数”: 从“double”转换到“int”，可能丢失数据
C:\Users\zunmx\source\repos\KeyBroadHook\KeyBroadHook\KeyBroadHook.cpp(177,104): warning C4244: “参数”: 从“double”转换到“int”，可能丢失数据
C:\Users\zunmx\source\repos\KeyBroadHook\KeyBroadHook\KeyBroadHook.cpp(177,76): warning C4244: “参数”: 从“double”转换到“int”，可能丢失数据
C:\Users\zunmx\source\repos\KeyBroadHook\KeyBroadHook\KeyBroadHook.cpp(177,43): warning C4244: “参数”: 从“double”转换到“int”，可能丢失数据
C:\Users\zunmx\source\repos\KeyBroadHook\KeyBroadHook\KeyBroadHook.cpp(179,45): warning C4244: “参数”: 从“double”转换到“int”，可能丢失数据
C:\Users\zunmx\source\repos\KeyBroadHook\KeyBroadHook\KeyBroadHook.cpp(180,44): warning C4244: “参数”: 从“double”转换到“int”，可能丢失数据
C:\Users\zunmx\source\repos\KeyBroadHook\KeyBroadHook\KeyBroadHook.cpp(181,44): warning C4244: “参数”: 从“double”转换到“int”，可能丢失数据
C:\Users\zunmx\source\repos\KeyBroadHook\KeyBroadHook\KeyBroadHook.cpp(183,78): warning C4244: “参数”: 从“double”转换到“int”，可能丢失数据
C:\Users\zunmx\source\repos\KeyBroadHook\KeyBroadHook\KeyBroadHook.cpp(183,45): warning C4244: “参数”: 从“double”转换到“int”，可能丢失数据
C:\Users\zunmx\source\repos\KeyBroadHook\KeyBroadHook\KeyBroadHook.cpp(184,76): warning C4244: “参数”: 从“double”转换到“int”，可能丢失数据
C:\Users\zunmx\source\repos\KeyBroadHook\KeyBroadHook\KeyBroadHook.cpp(184,43): warning C4244: “参数”: 从“double”转换到“int”，可能丢失数据
C:\Users\zunmx\source\repos\KeyBroadHook\KeyBroadHook\KeyBroadHook.cpp(185,77): warning C4244: “参数”: 从“double”转换到“int”，可能丢失数据
C:\Users\zunmx\source\repos\KeyBroadHook\KeyBroadHook\KeyBroadHook.cpp(185,44): warning C4244: “参数”: 从“double”转换到“int”，可能丢失数据
C:\Users\zunmx\source\repos\KeyBroadHook\KeyBroadHook\KeyBroadHook.cpp(187,78): warning C4244: “参数”: 从“double”转换到“int”，可能丢失数据
C:\Users\zunmx\source\repos\KeyBroadHook\KeyBroadHook\KeyBroadHook.cpp(187,45): warning C4244: “参数”: 从“double”转换到“int”，可能丢失数据
C:\Users\zunmx\source\repos\KeyBroadHook\KeyBroadHook\KeyBroadHook.cpp(188,75): warning C4244: “参数”: 从“double”转换到“int”，可能丢失数据
C:\Users\zunmx\source\repos\KeyBroadHook\KeyBroadHook\KeyBroadHook.cpp(188,42): warning C4244: “参数”: 从“double”转换到“int”，可能丢失数据
C:\Users\zunmx\source\repos\KeyBroadHook\KeyBroadHook\KeyBroadHook.cpp(189,77): warning C4244: “参数”: 从“double”转换到“int”，可能丢失数据
C:\Users\zunmx\source\repos\KeyBroadHook\KeyBroadHook\KeyBroadHook.cpp(189,44): warning C4244: “参数”: 从“double”转换到“int”，可能丢失数据
C:\Users\zunmx\source\repos\KeyBroadHook\KeyBroadHook\KeyBroadHook.cpp(191,74): warning C4244: “参数”: 从“double”转换到“int”，可能丢失数据
C:\Users\zunmx\source\repos\KeyBroadHook\KeyBroadHook\KeyBroadHook.cpp(191,41): warning C4244: “参数”: 从“double”转换到“int”，可能丢失数据
C:\Users\zunmx\source\repos\KeyBroadHook\KeyBroadHook\KeyBroadHook.cpp(192,76): warning C4244: “参数”: 从“double”转换到“int”，可能丢失数据
C:\Users\zunmx\source\repos\KeyBroadHook\KeyBroadHook\KeyBroadHook.cpp(192,43): warning C4244: “参数”: 从“double”转换到“int”，可能丢失数据
C:\Users\zunmx\source\repos\KeyBroadHook\KeyBroadHook\KeyBroadHook.cpp(193,76): warning C4244: “参数”: 从“double”转换到“int”，可能丢失数据
C:\Users\zunmx\source\repos\KeyBroadHook\KeyBroadHook\KeyBroadHook.cpp(193,43): warning C4244: “参数”: 从“double”转换到“int”，可能丢失数据
C:\Users\zunmx\source\repos\KeyBroadHook\KeyBroadHook\KeyBroadHook.cpp(194,77): warning C4244: “参数”: 从“double”转换到“int”，可能丢失数据
C:\Users\zunmx\source\repos\KeyBroadHook\KeyBroadHook\KeyBroadHook.cpp(194,44): warning C4244: “参数”: 从“double”转换到“int”，可能丢失数据
C:\Users\zunmx\source\repos\KeyBroadHook\KeyBroadHook\KeyBroadHook.cpp(197,57): warning C4244: “参数”: 从“double”转换到“int”，可能丢失数据
C:\Users\zunmx\source\repos\KeyBroadHook\KeyBroadHook\KeyBroadHook.cpp(197,41): warning C4244: “参数”: 从“double”转换到“int”，可能丢失数据
C:\Users\zunmx\source\repos\KeyBroadHook\KeyBroadHook\KeyBroadHook.cpp(198,54): warning C4244: “参数”: 从“double”转换到“int”，可能丢失数据
C:\Users\zunmx\source\repos\KeyBroadHook\KeyBroadHook\KeyBroadHook.cpp(198,34): warning C4244: “参数”: 从“double”转换到“int”，可能丢失数据
C:\Users\zunmx\source\repos\KeyBroadHook\KeyBroadHook\KeyBroadHook.cpp(199,54): warning C4244: “参数”: 从“double”转换到“int”，可能丢失数据
C:\Users\zunmx\source\repos\KeyBroadHook\KeyBroadHook\KeyBroadHook.cpp(199,34): warning C4244: “参数”: 从“double”转换到“int”，可能丢失数据
C:\Users\zunmx\source\repos\KeyBroadHook\KeyBroadHook\KeyBroadHook.cpp(200,54): warning C4244: “参数”: 从“double”转换到“int”，可能丢失数据
C:\Users\zunmx\source\repos\KeyBroadHook\KeyBroadHook\KeyBroadHook.cpp(200,34): warning C4244: “参数”: 从“double”转换到“int”，可能丢失数据
C:\Users\zunmx\source\repos\KeyBroadHook\KeyBroadHook\KeyBroadHook.cpp(202,54): warning C4244: “参数”: 从“double”转换到“int”，可能丢失数据
C:\Users\zunmx\source\repos\KeyBroadHook\KeyBroadHook\KeyBroadHook.cpp(202,34): warning C4244: “参数”: 从“double”转换到“int”，可能丢失数据
C:\Users\zunmx\source\repos\KeyBroadHook\KeyBroadHook\KeyBroadHook.cpp(203,54): warning C4244: “参数”: 从“double”转换到“int”，可能丢失数据
C:\Users\zunmx\source\repos\KeyBroadHook\KeyBroadHook\KeyBroadHook.cpp(203,34): warning C4244: “参数”: 从“double”转换到“int”，可能丢失数据
C:\Users\zunmx\source\repos\KeyBroadHook\KeyBroadHook\KeyBroadHook.cpp(204,54): warning C4244: “参数”: 从“double”转换到“int”，可能丢失数据
C:\Users\zunmx\source\repos\KeyBroadHook\KeyBroadHook\KeyBroadHook.cpp(204,34): warning C4244: “参数”: 从“double”转换到“int”，可能丢失数据
C:\Users\zunmx\source\repos\KeyBroadHook\KeyBroadHook\KeyBroadHook.cpp(205,82): warning C4244: “参数”: 从“double”转换到“int”，可能丢失数据
C:\Users\zunmx\source\repos\KeyBroadHook\KeyBroadHook\KeyBroadHook.cpp(205,54): warning C4244: “参数”: 从“double”转换到“int”，可能丢失数据
C:\Users\zunmx\source\repos\KeyBroadHook\KeyBroadHook\KeyBroadHook.cpp(205,34): warning C4244: “参数”: 从“double”转换到“int”，可能丢失数据
C:\Users\zunmx\source\repos\KeyBroadHook\KeyBroadHook\KeyBroadHook.cpp(207,54): warning C4244: “参数”: 从“double”转换到“int”，可能丢失数据
C:\Users\zunmx\source\repos\KeyBroadHook\KeyBroadHook\KeyBroadHook.cpp(207,34): warning C4244: “参数”: 从“double”转换到“int”，可能丢失数据
C:\Users\zunmx\source\repos\KeyBroadHook\KeyBroadHook\KeyBroadHook.cpp(208,54): warning C4244: “参数”: 从“double”转换到“int”，可能丢失数据
C:\Users\zunmx\source\repos\KeyBroadHook\KeyBroadHook\KeyBroadHook.cpp(208,34): warning C4244: “参数”: 从“double”转换到“int”，可能丢失数据
C:\Users\zunmx\source\repos\KeyBroadHook\KeyBroadHook\KeyBroadHook.cpp(209,54): warning C4244: “参数”: 从“double”转换到“int”，可能丢失数据
C:\Users\zunmx\source\repos\KeyBroadHook\KeyBroadHook\KeyBroadHook.cpp(209,34): warning C4244: “参数”: 从“double”转换到“int”，可能丢失数据
C:\Users\zunmx\source\repos\KeyBroadHook\KeyBroadHook\KeyBroadHook.cpp(211,54): warning C4244: “参数”: 从“double”转换到“int”，可能丢失数据
C:\Users\zunmx\source\repos\KeyBroadHook\KeyBroadHook\KeyBroadHook.cpp(211,34): warning C4244: “参数”: 从“double”转换到“int”，可能丢失数据
C:\Users\zunmx\source\repos\KeyBroadHook\KeyBroadHook\KeyBroadHook.cpp(212,54): warning C4244: “参数”: 从“double”转换到“int”，可能丢失数据
C:\Users\zunmx\source\repos\KeyBroadHook\KeyBroadHook\KeyBroadHook.cpp(212,34): warning C4244: “参数”: 从“double”转换到“int”，可能丢失数据
C:\Users\zunmx\source\repos\KeyBroadHook\KeyBroadHook\KeyBroadHook.cpp(213,54): warning C4244: “参数”: 从“double”转换到“int”，可能丢失数据
C:\Users\zunmx\source\repos\KeyBroadHook\KeyBroadHook\KeyBroadHook.cpp(213,34): warning C4244: “参数”: 从“double”转换到“int”，可能丢失数据
C:\Users\zunmx\source\repos\KeyBroadHook\KeyBroadHook\KeyBroadHook.cpp(214,92): warning C4244: “参数”: 从“double”转换到“int”，可能丢失数据
C:\Users\zunmx\source\repos\KeyBroadHook\KeyBroadHook\KeyBroadHook.cpp(214,60): warning C4244: “参数”: 从“double”转换到“int”，可能丢失数据
C:\Users\zunmx\source\repos\KeyBroadHook\KeyBroadHook\KeyBroadHook.cpp(214,40): warning C4244: “参数”: 从“double”转换到“int”，可能丢失数据
C:\Users\zunmx\source\repos\KeyBroadHook\KeyBroadHook\KeyBroadHook.cpp(216,69): warning C4244: “参数”: 从“double”转换到“int”，可能丢失数据
C:\Users\zunmx\source\repos\KeyBroadHook\KeyBroadHook\KeyBroadHook.cpp(216,54): warning C4244: “参数”: 从“double”转换到“int”，可能丢失数据
C:\Users\zunmx\source\repos\KeyBroadHook\KeyBroadHook\KeyBroadHook.cpp(216,34): warning C4244: “参数”: 从“double”转换到“int”，可能丢失数据
C:\Users\zunmx\source\repos\KeyBroadHook\KeyBroadHook\KeyBroadHook.cpp(217,54): warning C4244: “参数”: 从“double”转换到“int”，可能丢失数据
C:\Users\zunmx\source\repos\KeyBroadHook\KeyBroadHook\KeyBroadHook.cpp(217,34): warning C4244: “参数”: 从“double”转换到“int”，可能丢失数据
C:\Users\zunmx\source\repos\KeyBroadHook\KeyBroadHook\KeyBroadHook.cpp(219,126): warning C4244: “参数”: 从“double”转换到“int”，可能丢失数据
C:\Users\zunmx\source\repos\KeyBroadHook\KeyBroadHook\KeyBroadHook.cpp(219,35): warning C4244: “参数”: 从“double”转换到“int”，可能丢失数据
C:\Users\zunmx\source\repos\KeyBroadHook\KeyBroadHook\KeyBroadHook.cpp(228,87): warning C4244: “参数”: 从“double”转换到“int”，可能丢失数据
C:\Users\zunmx\source\repos\KeyBroadHook\KeyBroadHook\KeyBroadHook.cpp(228,67): warning C4244: “参数”: 从“double”转换到“int”，可能丢失数据
C:\Users\zunmx\source\repos\KeyBroadHook\KeyBroadHook\KeyBroadHook.cpp(338,1): warning C4244: “参数”: 从“double”转换到“int”，可能丢失数据
C:\Users\zunmx\source\repos\KeyBroadHook\KeyBroadHook\KeyBroadHook.h(207): warning C4715: “KeyBroadHookOper”: 不是所有的控件路径都返回值
  KeyBroadHook.vcxproj -> C:\Users\zunmx\source\repos\KeyBroadHook\x64\Debug\KeyBroadHook.exe
